# JRE version: OpenJDK Runtime Environment (8.0_152-b02) (build 1.8.0_152-release-1024-b02)
# Java VM: OpenJDK 64-Bit Server VM (25.152-b02 mixed mode windows-amd64 compressed oops)
Heap:
 PSYoungGen      total 460800K, used 312455K [0x00000000e0000000, 0x00000000fff00000, 0x0000000100000000)
  eden space 402432K, 76% used [0x00000000e0000000,0x00000000f2d2bf38,0x00000000f8900000)
  from space 58368K, 6% used [0x00000000fc280000,0x00000000fc676028,0x00000000ffb80000)
  to   space 58880K, 0% used [0x00000000f8900000,0x00000000f8900000,0x00000000fc280000)
 ParOldGen       total 187392K, used 141699K [0x00000000a0000000, 0x00000000ab700000, 0x00000000e0000000)
  object space 187392K, 75% used [0x00000000a0000000,0x00000000a8a60dd8,0x00000000ab700000)
 Metaspace       used 80865K, capacity 84434K, committed 84568K, reserved 1122304K
  class space    used 10067K, capacity 10816K, committed 10880K, reserved 1048576K
GC Heap History (10 events):
Event: 294.284 GC heap before
{Heap before GC invocations=26 (full 4):
 PSYoungGen      total 322560K, used 48638K [0x00000000e0000000, 0x00000000f9600000, 0x0000000100000000)
  eden space 273920K, 0% used [0x00000000e0000000,0x00000000e0000000,0x00000000f0b80000)
  from space 48640K, 99% used [0x00000000f4900000,0x00000000f787f9b0,0x00000000f7880000)
  to   space 62976K, 0% used [0x00000000f0b80000,0x00000000f0b80000,0x00000000f4900000)
 ParOldGen       total 107008K, used 96961K [0x00000000a0000000, 0x00000000a6880000, 0x00000000e0000000)
  object space 107008K, 90% used [0x00000000a0000000,0x00000000a5eb04d0,0x00000000a6880000)
 Metaspace       used 77800K, capacity 80810K, committed 80856K, reserved 1120256K
  class space    used 9783K, capacity 10479K, committed 10496K, reserved 1048576K
Event: 295.177 GC heap after
Heap after GC invocations=26 (full 4):
 PSYoungGen      total 322560K, used 0K [0x00000000e0000000, 0x00000000f9600000, 0x0000000100000000)
  eden space 273920K, 0% used [0x00000000e0000000,0x00000000e0000000,0x00000000f0b80000)
  from space 48640K, 0% used [0x00000000f4900000,0x00000000f4900000,0x00000000f7880000)
  to   space 62976K, 0% used [0x00000000f0b80000,0x00000000f0b80000,0x00000000f4900000)
 ParOldGen       total 187392K, used 92912K [0x00000000a0000000, 0x00000000ab700000, 0x00000000e0000000)
  object space 187392K, 49% used [0x00000000a0000000,0x00000000a5abc1a0,0x00000000ab700000)
 Metaspace       used 77791K, capacity 80780K, committed 80856K, reserved 1120256K
  class space    used 9780K, capacity 10474K, committed 10496K, reserved 1048576K
}
Event: 297.721 GC heap before
{Heap before GC invocations=27 (full 4):
 PSYoungGen      total 322560K, used 273920K [0x00000000e0000000, 0x00000000f9600000, 0x0000000100000000)
  eden space 273920K, 100% used [0x00000000e0000000,0x00000000f0b80000,0x00000000f0b80000)
  from space 48640K, 0% used [0x00000000f4900000,0x00000000f4900000,0x00000000f7880000)
  to   space 62976K, 0% used [0x00000000f0b80000,0x00000000f0b80000,0x00000000f4900000)
 ParOldGen       total 187392K, used 92912K [0x00000000a0000000, 0x00000000ab700000, 0x00000000e0000000)
  object space 187392K, 49% used [0x00000000a0000000,0x00000000a5abc1a0,0x00000000ab700000)
 Metaspace       used 77808K, capacity 80780K, committed 80856K, reserved 1120256K
  class space    used 9780K, capacity 10474K, committed 10496K, reserved 1048576K
Event: 297.855 GC heap after
Heap after GC invocations=27 (full 4):
 PSYoungGen      total 336896K, used 30596K [0x00000000e0000000, 0x00000000fdd00000, 0x0000000100000000)
  eden space 273920K, 0% used [0x00000000e0000000,0x00000000e0000000,0x00000000f0b80000)
  from space 62976K, 48% used [0x00000000f0b80000,0x00000000f2961368,0x00000000f4900000)
  to   space 60928K, 0% used [0x00000000fa180000,0x00000000fa180000,0x00000000fdd00000)
 ParOldGen       total 187392K, used 92920K [0x00000000a0000000, 0x00000000ab700000, 0x00000000e0000000)
  object space 187392K, 49% used [0x00000000a0000000,0x00000000a5abe1a0,0x00000000ab700000)
 Metaspace       used 77808K, capacity 80780K, committed 80856K, reserved 1120256K
  class space    used 9780K, capacity 10474K, committed 10496K, reserved 1048576K
}
Event: 298.803 GC heap before
{Heap before GC invocations=28 (full 4):
 PSYoungGen      total 336896K, used 304516K [0x00000000e0000000, 0x00000000fdd00000, 0x0000000100000000)
  eden space 273920K, 100% used [0x00000000e0000000,0x00000000f0b80000,0x00000000f0b80000)
  from space 62976K, 48% used [0x00000000f0b80000,0x00000000f2961368,0x00000000f4900000)
  to   space 60928K, 0% used [0x00000000fa180000,0x00000000fa180000,0x00000000fdd00000)
 ParOldGen       total 187392K, used 92920K [0x00000000a0000000, 0x00000000ab700000, 0x00000000e0000000)
  object space 187392K, 49% used [0x00000000a0000000,0x00000000a5abe1a0,0x00000000ab700000)
 Metaspace       used 77818K, capacity 80780K, committed 80856K, reserved 1120256K
  class space    used 9780K, capacity 10474K, committed 10496K, reserved 1048576K
Event: 298.969 GC heap after
Heap after GC invocations=28 (full 4):
 PSYoungGen      total 428032K, used 33393K [0x00000000e0000000, 0x00000000fe180000, 0x0000000100000000)
  eden space 367104K, 0% used [0x00000000e0000000,0x00000000e0000000,0x00000000f6680000)
  from space 60928K, 54% used [0x00000000fa180000,0x00000000fc21c4a8,0x00000000fdd00000)
  to   space 60416K, 0% used [0x00000000f6680000,0x00000000f6680000,0x00000000fa180000)
 ParOldGen       total 187392K, used 111475K [0x00000000a0000000, 0x00000000ab700000, 0x00000000e0000000)
  object space 187392K, 59% used [0x00000000a0000000,0x00000000a6cdce98,0x00000000ab700000)
 Metaspace       used 77818K, capacity 80780K, committed 80856K, reserved 1120256K
  class space    used 9780K, capacity 10474K, committed 10496K, reserved 1048576K
}
Event: 310.027 GC heap before
{Heap before GC invocations=29 (full 4):
 PSYoungGen      total 428032K, used 399750K [0x00000000e0000000, 0x00000000fe180000, 0x0000000100000000)
  eden space 367104K, 99% used [0x00000000e0000000,0x00000000f65c54a0,0x00000000f6680000)
  from space 60928K, 54% used [0x00000000fa180000,0x00000000fc21c4a8,0x00000000fdd00000)
  to   space 60416K, 0% used [0x00000000f6680000,0x00000000f6680000,0x00000000fa180000)
 ParOldGen       total 187392K, used 111475K [0x00000000a0000000, 0x00000000ab700000, 0x00000000e0000000)
  object space 187392K, 59% used [0x00000000a0000000,0x00000000a6cdce98,0x00000000ab700000)
 Metaspace       used 78827K, capacity 81786K, committed 82008K, reserved 1120256K
  class space    used 9906K, capacity 10585K, committed 10624K, reserved 1048576K
Event: 310.106 GC heap after
Heap after GC invocations=29 (full 4):
 PSYoungGen      total 427520K, used 18996K [0x00000000e0000000, 0x00000000ffb80000, 0x0000000100000000)
  eden space 367104K, 0% used [0x00000000e0000000,0x00000000e0000000,0x00000000f6680000)
  from space 60416K, 31% used [0x00000000f6680000,0x00000000f790d278,0x00000000fa180000)
  to   space 58368K, 0% used [0x00000000fc280000,0x00000000fc280000,0x00000000ffb80000)
 ParOldGen       total 187392K, used 127792K [0x00000000a0000000, 0x00000000ab700000, 0x00000000e0000000)
  object space 187392K, 68% used [0x00000000a0000000,0x00000000a7ccc3d0,0x00000000ab700000)
 Metaspace       used 78827K, capacity 81786K, committed 82008K, reserved 1120256K
  class space    used 9906K, capacity 10585K, committed 10624K, reserved 1048576K
}
Event: 570.780 GC heap before
{Heap before GC invocations=30 (full 4):
 PSYoungGen      total 427520K, used 386100K [0x00000000e0000000, 0x00000000ffb80000, 0x0000000100000000)
  eden space 367104K, 100% used [0x00000000e0000000,0x00000000f6680000,0x00000000f6680000)
  from space 60416K, 31% used [0x00000000f6680000,0x00000000f790d278,0x00000000fa180000)
  to   space 58368K, 0% used [0x00000000fc280000,0x00000000fc280000,0x00000000ffb80000)
 ParOldGen       total 187392K, used 127792K [0x00000000a0000000, 0x00000000ab700000, 0x00000000e0000000)
  object space 187392K, 68% used [0x00000000a0000000,0x00000000a7ccc3d0,0x00000000ab700000)
 Metaspace       used 80044K, capacity 83516K, committed 83672K, reserved 1122304K
  class space    used 10002K, capacity 10736K, committed 10752K, reserved 1048576K
Event: 570.807 GC heap after
Heap after GC invocations=30 (full 4):
 PSYoungGen      total 460800K, used 4056K [0x00000000e0000000, 0x00000000fff00000, 0x0000000100000000)
  eden space 402432K, 0% used [0x00000000e0000000,0x00000000e0000000,0x00000000f8900000)
  from space 58368K, 6% used [0x00000000fc280000,0x00000000fc676028,0x00000000ffb80000)
  to   space 58880K, 0% used [0x00000000f8900000,0x00000000f8900000,0x00000000fc280000)
 ParOldGen       total 187392K, used 141699K [0x00000000a0000000, 0x00000000ab700000, 0x00000000e0000000)
  object space 187392K, 75% used [0x00000000a0000000,0x00000000a8a60dd8,0x00000000ab700000)
 Metaspace       used 80044K, capacity 83516K, committed 83672K, reserved 1122304K
  class space    used 10002K, capacity 10736K, committed 10752K, reserved 1048576K
}

