# JRE version: OpenJDK Runtime Environment (8.0_152-b02) (build 1.8.0_152-release-1024-b02)
# Java VM: OpenJDK 64-Bit Server VM (25.152-b02 mixed mode windows-amd64 compressed oops)
Heap:
 PSYoungGen      total 178176K, used 30096K [0x00000000e0000000, 0x00000000ec880000, 0x0000000100000000)
  eden space 151040K, 13% used [0x00000000e0000000,0x00000000e135c7a0,0x00000000e9380000)
  from space 27136K, 37% used [0x00000000e9380000,0x00000000e9d87958,0x00000000eae00000)
  to   space 26624K, 0% used [0x00000000eae80000,0x00000000eae80000,0x00000000ec880000)
 ParOldGen       total 93184K, used 32455K [0x00000000a0000000, 0x00000000a5b00000, 0x00000000e0000000)
  object space 93184K, 34% used [0x00000000a0000000,0x00000000a1fb1c50,0x00000000a5b00000)
 Metaspace       used 63714K, capacity 65656K, committed 65920K, reserved 1105920K
  class space    used 8386K, capacity 8803K, committed 8832K, reserved 1048576K
GC Heap History (10 events):
Event: 42.960 GC heap before
{Heap before GC invocations=16 (full 2):
 PSYoungGen      total 117248K, used 117216K [0x00000000e0000000, 0x00000000ea780000, 0x0000000100000000)
  eden space 100864K, 100% used [0x00000000e0000000,0x00000000e6280000,0x00000000e6280000)
  from space 16384K, 99% used [0x00000000e6280000,0x00000000e7278268,0x00000000e7280000)
  to   space 23552K, 0% used [0x00000000e9080000,0x00000000e9080000,0x00000000ea780000)
 ParOldGen       total 93184K, used 34100K [0x00000000a0000000, 0x00000000a5b00000, 0x00000000e0000000)
  object space 93184K, 36% used [0x00000000a0000000,0x00000000a214d038,0x00000000a5b00000)
 Metaspace       used 56440K, capacity 58116K, committed 58368K, reserved 1099776K
  class space    used 7528K, capacity 7901K, committed 7936K, reserved 1048576K
Event: 43.005 GC heap after
Heap after GC invocations=16 (full 2):
 PSYoungGen      total 144896K, used 22080K [0x00000000e0000000, 0x00000000eab00000, 0x0000000100000000)
  eden space 121344K, 0% used [0x00000000e0000000,0x00000000e0000000,0x00000000e7680000)
  from space 23552K, 93% used [0x00000000e9080000,0x00000000ea610160,0x00000000ea780000)
  to   space 26624K, 0% used [0x00000000e7680000,0x00000000e7680000,0x00000000e9080000)
 ParOldGen       total 93184K, used 34108K [0x00000000a0000000, 0x00000000a5b00000, 0x00000000e0000000)
  object space 93184K, 36% used [0x00000000a0000000,0x00000000a214f038,0x00000000a5b00000)
 Metaspace       used 56440K, capacity 58116K, committed 58368K, reserved 1099776K
  class space    used 7528K, capacity 7901K, committed 7936K, reserved 1048576K
}
Event: 44.282 GC heap before
{Heap before GC invocations=17 (full 2):
 PSYoungGen      total 144896K, used 38905K [0x00000000e0000000, 0x00000000eab00000, 0x0000000100000000)
  eden space 121344K, 13% used [0x00000000e0000000,0x00000000e106e5a8,0x00000000e7680000)
  from space 23552K, 93% used [0x00000000e9080000,0x00000000ea610160,0x00000000ea780000)
  to   space 26624K, 0% used [0x00000000e7680000,0x00000000e7680000,0x00000000e9080000)
 ParOldGen       total 93184K, used 34108K [0x00000000a0000000, 0x00000000a5b00000, 0x00000000e0000000)
  object space 93184K, 36% used [0x00000000a0000000,0x00000000a214f038,0x00000000a5b00000)
 Metaspace       used 57334K, capacity 58954K, committed 59136K, reserved 1099776K
  class space    used 7665K, capacity 8068K, committed 8192K, reserved 1048576K
Event: 44.312 GC heap after
Heap after GC invocations=17 (full 2):
 PSYoungGen      total 147968K, used 19761K [0x00000000e0000000, 0x00000000eca00000, 0x0000000100000000)
  eden space 121344K, 0% used [0x00000000e0000000,0x00000000e0000000,0x00000000e7680000)
  from space 26624K, 74% used [0x00000000e7680000,0x00000000e89cc508,0x00000000e9080000)
  to   space 28160K, 0% used [0x00000000eae80000,0x00000000eae80000,0x00000000eca00000)
 ParOldGen       total 93184K, used 34116K [0x00000000a0000000, 0x00000000a5b00000, 0x00000000e0000000)
  object space 93184K, 36% used [0x00000000a0000000,0x00000000a2151038,0x00000000a5b00000)
 Metaspace       used 57334K, capacity 58954K, committed 59136K, reserved 1099776K
  class space    used 7665K, capacity 8068K, committed 8192K, reserved 1048576K
}
Event: 44.312 GC heap before
{Heap before GC invocations=18 (full 3):
 PSYoungGen      total 147968K, used 19761K [0x00000000e0000000, 0x00000000eca00000, 0x0000000100000000)
  eden space 121344K, 0% used [0x00000000e0000000,0x00000000e0000000,0x00000000e7680000)
  from space 26624K, 74% used [0x00000000e7680000,0x00000000e89cc508,0x00000000e9080000)
  to   space 28160K, 0% used [0x00000000eae80000,0x00000000eae80000,0x00000000eca00000)
 ParOldGen       total 93184K, used 34116K [0x00000000a0000000, 0x00000000a5b00000, 0x00000000e0000000)
  object space 93184K, 36% used [0x00000000a0000000,0x00000000a2151038,0x00000000a5b00000)
 Metaspace       used 57334K, capacity 58954K, committed 59136K, reserved 1099776K
  class space    used 7665K, capacity 8068K, committed 8192K, reserved 1048576K
Event: 44.630 GC heap after
Heap after GC invocations=18 (full 3):
 PSYoungGen      total 147968K, used 0K [0x00000000e0000000, 0x00000000eca00000, 0x0000000100000000)
  eden space 121344K, 0% used [0x00000000e0000000,0x00000000e0000000,0x00000000e7680000)
  from space 26624K, 0% used [0x00000000e7680000,0x00000000e7680000,0x00000000e9080000)
  to   space 28160K, 0% used [0x00000000eae80000,0x00000000eae80000,0x00000000eca00000)
 ParOldGen       total 93184K, used 32431K [0x00000000a0000000, 0x00000000a5b00000, 0x00000000e0000000)
  object space 93184K, 34% used [0x00000000a0000000,0x00000000a1fabc50,0x00000000a5b00000)
 Metaspace       used 57332K, capacity 58948K, committed 59136K, reserved 1099776K
  class space    used 7664K, capacity 8067K, committed 8192K, reserved 1048576K
}
Event: 48.540 GC heap before
{Heap before GC invocations=19 (full 3):
 PSYoungGen      total 147968K, used 121175K [0x00000000e0000000, 0x00000000eca00000, 0x0000000100000000)
  eden space 121344K, 99% used [0x00000000e0000000,0x00000000e7655cd0,0x00000000e7680000)
  from space 26624K, 0% used [0x00000000e7680000,0x00000000e7680000,0x00000000e9080000)
  to   space 28160K, 0% used [0x00000000eae80000,0x00000000eae80000,0x00000000eca00000)
 ParOldGen       total 93184K, used 32431K [0x00000000a0000000, 0x00000000a5b00000, 0x00000000e0000000)
  object space 93184K, 34% used [0x00000000a0000000,0x00000000a1fabc50,0x00000000a5b00000)
 Metaspace       used 62561K, capacity 64376K, committed 64512K, reserved 1105920K
  class space    used 8278K, capacity 8671K, committed 8704K, reserved 1048576K
Event: 48.564 GC heap after
Heap after GC invocations=19 (full 3):
 PSYoungGen      total 177664K, used 11120K [0x00000000e0000000, 0x00000000ec880000, 0x0000000100000000)
  eden space 151040K, 0% used [0x00000000e0000000,0x00000000e0000000,0x00000000e9380000)
  from space 26624K, 41% used [0x00000000eae80000,0x00000000eb95c118,0x00000000ec880000)
  to   space 27136K, 0% used [0x00000000e9380000,0x00000000e9380000,0x00000000eae00000)
 ParOldGen       total 93184K, used 32447K [0x00000000a0000000, 0x00000000a5b00000, 0x00000000e0000000)
  object space 93184K, 34% used [0x00000000a0000000,0x00000000a1fafc50,0x00000000a5b00000)
 Metaspace       used 62561K, capacity 64376K, committed 64512K, reserved 1105920K
  class space    used 8278K, capacity 8671K, committed 8704K, reserved 1048576K
}
Event: 50.675 GC heap before
{Heap before GC invocations=20 (full 3):
 PSYoungGen      total 177664K, used 162160K [0x00000000e0000000, 0x00000000ec880000, 0x0000000100000000)
  eden space 151040K, 100% used [0x00000000e0000000,0x00000000e9380000,0x00000000e9380000)
  from space 26624K, 41% used [0x00000000eae80000,0x00000000eb95c118,0x00000000ec880000)
  to   space 27136K, 0% used [0x00000000e9380000,0x00000000e9380000,0x00000000eae00000)
 ParOldGen       total 93184K, used 32447K [0x00000000a0000000, 0x00000000a5b00000, 0x00000000e0000000)
  object space 93184K, 34% used [0x00000000a0000000,0x00000000a1fafc50,0x00000000a5b00000)
 Metaspace       used 63066K, capacity 64998K, committed 65152K, reserved 1105920K
  class space    used 8339K, capacity 8760K, committed 8832K, reserved 1048576K
Event: 50.689 GC heap after
Heap after GC invocations=20 (full 3):
 PSYoungGen      total 178176K, used 10270K [0x00000000e0000000, 0x00000000ec880000, 0x0000000100000000)
  eden space 151040K, 0% used [0x00000000e0000000,0x00000000e0000000,0x00000000e9380000)
  from space 27136K, 37% used [0x00000000e9380000,0x00000000e9d87958,0x00000000eae00000)
  to   space 26624K, 0% used [0x00000000eae80000,0x00000000eae80000,0x00000000ec880000)
 ParOldGen       total 93184K, used 32455K [0x00000000a0000000, 0x00000000a5b00000, 0x00000000e0000000)
  object space 93184K, 34% used [0x00000000a0000000,0x00000000a1fb1c50,0x00000000a5b00000)
 Metaspace       used 63066K, capacity 64998K, committed 65152K, reserved 1105920K
  class space    used 8339K, capacity 8760K, committed 8832K, reserved 1048576K
}

